{"level":"info","message":"Server running on port 3000","service":"oluora-api","timestamp":"2025-07-10T02:38:26.416Z"}
{"level":"info","message":"Environment: development","service":"oluora-api","timestamp":"2025-07-10T02:38:26.421Z"}
{"level":"info","message":"API Documentation: http://localhost:3000/api-docs","service":"oluora-api","timestamp":"2025-07-10T02:38:26.422Z"}
{"level":"info","message":"GET /api-docs - ::1","service":"oluora-api","timestamp":"2025-07-10T02:39:03.995Z"}
{"level":"info","message":"GET /api-docs/ - ::1","service":"oluora-api","timestamp":"2025-07-10T02:39:04.025Z"}
{"level":"info","message":"GET /api-docs/swagger-ui.css - ::1","service":"oluora-api","timestamp":"2025-07-10T02:39:04.702Z"}
{"level":"info","message":"GET /api-docs/swagger-ui-bundle.js - ::1","service":"oluora-api","timestamp":"2025-07-10T02:39:04.706Z"}
{"level":"info","message":"GET /api-docs/swagger-ui-standalone-preset.js - ::1","service":"oluora-api","timestamp":"2025-07-10T02:39:04.713Z"}
{"level":"info","message":"GET /api-docs/swagger-ui-init.js - ::1","service":"oluora-api","timestamp":"2025-07-10T02:39:04.715Z"}
{"level":"info","message":"GET /api-docs/favicon-32x32.png - ::1","service":"oluora-api","timestamp":"2025-07-10T02:39:05.573Z"}
{"level":"info","message":"Fetching X updates...","service":"oluora-api","timestamp":"2025-07-10T02:40:00.580Z"}
{"level":"info","message":"Processed 10 updates, 10 new updates stored","service":"oluora-api","timestamp":"2025-07-10T02:40:26.024Z"}
{"level":"info","message":"X updates fetched successfully","service":"oluora-api","timestamp":"2025-07-10T02:40:26.025Z"}
{"level":"info","message":"Fetching X updates...","service":"oluora-api","timestamp":"2025-07-10T02:50:00.384Z"}
{"detail":"Too Many Requests","level":"error","message":"Error fetching from X API:","service":"oluora-api","status":429,"timestamp":"2025-07-10T02:50:02.139Z","title":"Too Many Requests","type":"about:blank"}
{"level":"info","message":"Processed 0 updates, 0 new updates stored","service":"oluora-api","timestamp":"2025-07-10T02:50:05.950Z"}
{"level":"info","message":"X updates fetched successfully","service":"oluora-api","timestamp":"2025-07-10T02:50:05.951Z"}
{"level":"info","message":"GET / - ::1","service":"oluora-api","timestamp":"2025-07-10T02:52:22.014Z"}
{"level":"info","message":"GET /favicon.ico - ::1","service":"oluora-api","timestamp":"2025-07-10T02:52:23.389Z"}
{"level":"info","message":"Fetching X updates...","service":"oluora-api","timestamp":"2025-07-10T03:00:00.818Z"}
{"level":"info","message":"Processed 10 updates, 0 new updates stored","service":"oluora-api","timestamp":"2025-07-10T03:00:07.129Z"}
{"level":"info","message":"X updates fetched successfully","service":"oluora-api","timestamp":"2025-07-10T03:00:07.129Z"}
{"level":"info","message":"Fetching X updates...","service":"oluora-api","timestamp":"2025-07-10T03:10:00.388Z"}
{"detail":"Too Many Requests","level":"error","message":"Error fetching from X API:","service":"oluora-api","status":429,"timestamp":"2025-07-10T03:10:01.229Z","title":"Too Many Requests","type":"about:blank"}
{"level":"info","message":"Processed 0 updates, 0 new updates stored","service":"oluora-api","timestamp":"2025-07-10T03:10:04.653Z"}
{"level":"info","message":"X updates fetched successfully","service":"oluora-api","timestamp":"2025-07-10T03:10:04.655Z"}
{"level":"info","message":"GET /api/x-updates - ::1","service":"oluora-api","timestamp":"2025-07-10T03:17:33.117Z"}
{"level":"info","message":"Fetching X updates...","service":"oluora-api","timestamp":"2025-07-10T03:20:00.636Z"}
{"level":"info","message":"Processed 10 updates, 0 new updates stored","service":"oluora-api","timestamp":"2025-07-10T03:20:08.629Z"}
{"level":"info","message":"X updates fetched successfully","service":"oluora-api","timestamp":"2025-07-10T03:20:08.629Z"}
{"level":"info","message":"Fetching X updates...","service":"oluora-api","timestamp":"2025-07-10T03:30:00.467Z"}
{"detail":"Too Many Requests","level":"error","message":"Error fetching from X API:","service":"oluora-api","status":429,"timestamp":"2025-07-10T03:30:00.894Z","title":"Too Many Requests","type":"about:blank"}
{"level":"info","message":"Processed 0 updates, 0 new updates stored","service":"oluora-api","timestamp":"2025-07-10T03:30:04.369Z"}
{"level":"info","message":"X updates fetched successfully","service":"oluora-api","timestamp":"2025-07-10T03:30:04.369Z"}
{"level":"info","message":"Fetching X updates...","service":"oluora-api","timestamp":"2025-07-10T03:40:00.816Z"}
{"level":"info","message":"Processed 10 updates, 0 new updates stored","service":"oluora-api","timestamp":"2025-07-10T03:40:10.351Z"}
{"level":"info","message":"X updates fetched successfully","service":"oluora-api","timestamp":"2025-07-10T03:40:10.351Z"}
{"level":"info","message":"GET /api/x-updates - ::1","service":"oluora-api","timestamp":"2025-07-10T03:41:25.727Z"}
{"level":"info","message":"POST /api/auth/register - ::1","service":"oluora-api","timestamp":"2025-07-10T03:43:33.329Z"}
{"level":"info","message":"POST /api/auth/register - ::1","service":"oluora-api","timestamp":"2025-07-10T03:44:02.532Z"}
{"level":"info","message":"User registered: noxylabimo@mailinator.com","service":"oluora-api","timestamp":"2025-07-10T03:44:07.385Z"}
{"level":"info","message":"POST /api/auth/login - ::1","service":"oluora-api","timestamp":"2025-07-10T03:44:37.086Z"}
{"level":"info","message":"GET /api/x-updates - ::1","service":"oluora-api","timestamp":"2025-07-10T03:45:18.811Z"}
{"level":"info","message":"GET /api/x-updates - ::1","service":"oluora-api","timestamp":"2025-07-10T03:45:19.400Z"}
{"level":"info","message":"GET /api/x-updates - ::1","service":"oluora-api","timestamp":"2025-07-10T03:45:19.752Z"}
{"level":"info","message":"GET /api/x-updates - ::1","service":"oluora-api","timestamp":"2025-07-10T03:45:20.347Z"}
{"level":"info","message":"GET /api/x-updates - ::1","service":"oluora-api","timestamp":"2025-07-10T03:45:20.839Z"}
{"level":"info","message":"GET /api/x-updates - ::1","service":"oluora-api","timestamp":"2025-07-10T03:45:21.648Z"}
{"level":"info","message":"GET /api/x-updates - ::1","service":"oluora-api","timestamp":"2025-07-10T03:45:22.089Z"}
{"level":"info","message":"GET /api/x-updates - ::1","service":"oluora-api","timestamp":"2025-07-10T03:45:22.431Z"}
{"level":"info","message":"GET /api/x-updates - ::1","service":"oluora-api","timestamp":"2025-07-10T03:45:22.786Z"}
{"level":"info","message":"GET /api/x-updates - ::1","service":"oluora-api","timestamp":"2025-07-10T03:45:23.300Z"}
{"level":"info","message":"GET /api/x-updates - ::1","service":"oluora-api","timestamp":"2025-07-10T03:45:23.756Z"}
{"level":"info","message":"GET /api/x-updates - ::1","service":"oluora-api","timestamp":"2025-07-10T03:45:24.287Z"}
{"level":"info","message":"GET /api/x-updates - ::1","service":"oluora-api","timestamp":"2025-07-10T03:45:24.828Z"}
{"level":"info","message":"GET /api/x-updates - ::1","service":"oluora-api","timestamp":"2025-07-10T03:45:25.409Z"}
{"level":"info","message":"GET /api/x-updates - ::1","service":"oluora-api","timestamp":"2025-07-10T03:45:25.907Z"}
{"level":"info","message":"GET /api/x-updates - ::1","service":"oluora-api","timestamp":"2025-07-10T03:45:26.156Z"}
{"level":"info","message":"GET /api/x-updates - ::1","service":"oluora-api","timestamp":"2025-07-10T03:45:26.600Z"}
{"level":"info","message":"GET /api/x-updates - ::1","service":"oluora-api","timestamp":"2025-07-10T03:45:27.161Z"}
{"level":"info","message":"GET /api/x-updates - ::1","service":"oluora-api","timestamp":"2025-07-10T03:45:27.602Z"}
{"level":"info","message":"GET /api/x-updates - ::1","service":"oluora-api","timestamp":"2025-07-10T03:45:28.171Z"}
{"level":"info","message":"GET /api/x-updates - ::1","service":"oluora-api","timestamp":"2025-07-10T03:45:28.706Z"}
{"level":"info","message":"GET /api/x-updates - ::1","service":"oluora-api","timestamp":"2025-07-10T03:45:29.190Z"}
{"level":"info","message":"GET /api/x-updates - ::1","service":"oluora-api","timestamp":"2025-07-10T03:45:29.839Z"}
{"level":"info","message":"GET /api/x-updates - ::1","service":"oluora-api","timestamp":"2025-07-10T03:45:30.344Z"}
{"level":"info","message":"GET /api/x-updates - ::1","service":"oluora-api","timestamp":"2025-07-10T03:45:30.950Z"}
{"level":"info","message":"GET /api/x-updates - ::1","service":"oluora-api","timestamp":"2025-07-10T03:45:31.585Z"}
{"level":"info","message":"GET /api/x-updates - ::1","service":"oluora-api","timestamp":"2025-07-10T03:45:32.383Z"}
{"level":"info","message":"GET /api/x-updates - ::1","service":"oluora-api","timestamp":"2025-07-10T03:45:33.250Z"}
{"level":"info","message":"GET /api/x-updates - ::1","service":"oluora-api","timestamp":"2025-07-10T03:45:33.870Z"}
{"level":"info","message":"GET /api/x-updates - ::1","service":"oluora-api","timestamp":"2025-07-10T03:45:34.491Z"}
{"level":"info","message":"GET /api/x-updates - ::1","service":"oluora-api","timestamp":"2025-07-10T03:45:35.030Z"}
{"level":"info","message":"GET /api/x-updates - ::1","service":"oluora-api","timestamp":"2025-07-10T03:45:35.583Z"}
{"level":"info","message":"GET /api/x-updates - ::1","service":"oluora-api","timestamp":"2025-07-10T03:45:35.812Z"}
{"level":"info","message":"GET /api/x-updates - ::1","service":"oluora-api","timestamp":"2025-07-10T03:45:36.585Z"}
{"level":"info","message":"GET /api/x-updates - ::1","service":"oluora-api","timestamp":"2025-07-10T03:45:37.101Z"}
{"level":"info","message":"GET /api/x-updates - ::1","service":"oluora-api","timestamp":"2025-07-10T03:45:37.613Z"}
{"level":"info","message":"GET /api/x-updates - ::1","service":"oluora-api","timestamp":"2025-07-10T03:45:38.401Z"}
{"level":"info","message":"GET /api/x-updates - ::1","service":"oluora-api","timestamp":"2025-07-10T03:45:38.877Z"}
{"level":"info","message":"GET /api/x-updates - ::1","service":"oluora-api","timestamp":"2025-07-10T03:45:39.268Z"}
{"level":"info","message":"GET /api/x-updates - ::1","service":"oluora-api","timestamp":"2025-07-10T03:45:39.647Z"}
{"level":"info","message":"GET /api/x-updates - ::1","service":"oluora-api","timestamp":"2025-07-10T03:45:40.023Z"}
{"level":"info","message":"GET /api/x-updates - ::1","service":"oluora-api","timestamp":"2025-07-10T03:45:40.600Z"}
{"level":"info","message":"GET /api/x-updates - ::1","service":"oluora-api","timestamp":"2025-07-10T03:45:41.020Z"}
{"level":"info","message":"GET /api/x-updates - ::1","service":"oluora-api","timestamp":"2025-07-10T03:45:41.430Z"}
{"level":"info","message":"GET /api/x-updates - ::1","service":"oluora-api","timestamp":"2025-07-10T03:45:42.111Z"}
{"level":"info","message":"GET /api/x-updates - ::1","service":"oluora-api","timestamp":"2025-07-10T03:45:42.737Z"}
{"level":"info","message":"GET /api/x-updates - ::1","service":"oluora-api","timestamp":"2025-07-10T03:45:43.186Z"}
{"level":"info","message":"GET /api/x-updates - ::1","service":"oluora-api","timestamp":"2025-07-10T03:45:43.822Z"}
{"level":"info","message":"GET /api/x-updates - ::1","service":"oluora-api","timestamp":"2025-07-10T03:45:44.333Z"}
{"level":"info","message":"GET /api/x-updates - ::1","service":"oluora-api","timestamp":"2025-07-10T03:45:44.858Z"}
{"level":"info","message":"GET /api/x-updates - ::1","service":"oluora-api","timestamp":"2025-07-10T03:45:45.617Z"}
{"level":"info","message":"GET /api/x-updates - ::1","service":"oluora-api","timestamp":"2025-07-10T03:45:45.794Z"}
{"level":"info","message":"GET /api/x-updates - ::1","service":"oluora-api","timestamp":"2025-07-10T03:45:46.235Z"}
{"level":"info","message":"GET /api/x-updates - ::1","service":"oluora-api","timestamp":"2025-07-10T03:45:46.807Z"}
{"level":"info","message":"GET /api/x-updates - ::1","service":"oluora-api","timestamp":"2025-07-10T03:45:46.927Z"}
{"level":"info","message":"GET /api/x-updates - ::1","service":"oluora-api","timestamp":"2025-07-10T03:45:47.106Z"}
{"level":"info","message":"GET /api/x-updates - ::1","service":"oluora-api","timestamp":"2025-07-10T03:45:47.469Z"}
{"level":"info","message":"GET /api/x-updates - ::1","service":"oluora-api","timestamp":"2025-07-10T03:45:47.634Z"}
{"level":"info","message":"GET /api/x-updates - ::1","service":"oluora-api","timestamp":"2025-07-10T03:45:47.899Z"}
{"level":"info","message":"GET /api/x-updates - ::1","service":"oluora-api","timestamp":"2025-07-10T03:45:48.314Z"}
{"level":"info","message":"GET /api/x-updates - ::1","service":"oluora-api","timestamp":"2025-07-10T03:45:48.681Z"}
{"level":"info","message":"GET /api/x-updates - ::1","service":"oluora-api","timestamp":"2025-07-10T03:45:48.950Z"}
{"level":"info","message":"GET /api/x-updates - ::1","service":"oluora-api","timestamp":"2025-07-10T03:45:49.268Z"}
{"level":"info","message":"GET /api/x-updates - ::1","service":"oluora-api","timestamp":"2025-07-10T03:45:49.318Z"}
{"level":"info","message":"GET /api/x-updates - ::1","service":"oluora-api","timestamp":"2025-07-10T03:45:49.677Z"}
{"level":"info","message":"GET /api/x-updates - ::1","service":"oluora-api","timestamp":"2025-07-10T03:45:50.060Z"}
{"level":"info","message":"GET /api/x-updates - ::1","service":"oluora-api","timestamp":"2025-07-10T03:45:50.240Z"}
{"level":"info","message":"GET /api/x-updates - ::1","service":"oluora-api","timestamp":"2025-07-10T03:45:50.457Z"}
{"level":"info","message":"GET /api/x-updates - ::1","service":"oluora-api","timestamp":"2025-07-10T03:45:50.846Z"}
{"level":"info","message":"GET /api/x-updates - ::1","service":"oluora-api","timestamp":"2025-07-10T03:45:50.990Z"}
{"level":"info","message":"GET /api/x-updates - ::1","service":"oluora-api","timestamp":"2025-07-10T03:45:51.232Z"}
{"level":"info","message":"GET /api/x-updates - ::1","service":"oluora-api","timestamp":"2025-07-10T03:45:51.361Z"}
{"level":"info","message":"GET /api/x-updates - ::1","service":"oluora-api","timestamp":"2025-07-10T03:45:51.676Z"}
{"level":"info","message":"GET /api/x-updates - ::1","service":"oluora-api","timestamp":"2025-07-10T03:45:52.128Z"}
{"level":"info","message":"GET /api/x-updates - ::1","service":"oluora-api","timestamp":"2025-07-10T03:45:52.507Z"}
{"level":"info","message":"GET /api/x-updates - ::1","service":"oluora-api","timestamp":"2025-07-10T03:45:52.550Z"}
{"level":"info","message":"GET /api/x-updates - ::1","service":"oluora-api","timestamp":"2025-07-10T03:45:52.916Z"}
{"level":"info","message":"GET /api/x-updates - ::1","service":"oluora-api","timestamp":"2025-07-10T03:45:53.271Z"}
{"level":"info","message":"GET /api/x-updates - ::1","service":"oluora-api","timestamp":"2025-07-10T03:45:53.418Z"}
{"level":"info","message":"GET /api/x-updates - ::1","service":"oluora-api","timestamp":"2025-07-10T03:45:53.712Z"}
{"level":"info","message":"GET /api/x-updates - ::1","service":"oluora-api","timestamp":"2025-07-10T03:45:53.800Z"}
{"level":"info","message":"GET /api/x-updates - ::1","service":"oluora-api","timestamp":"2025-07-10T03:45:54.066Z"}
{"level":"info","message":"GET /api/x-updates - ::1","service":"oluora-api","timestamp":"2025-07-10T03:45:54.450Z"}
{"level":"info","message":"GET /api/x-updates - ::1","service":"oluora-api","timestamp":"2025-07-10T03:45:54.531Z"}
{"level":"info","message":"GET /api/x-updates - ::1","service":"oluora-api","timestamp":"2025-07-10T03:45:54.842Z"}
{"level":"info","message":"GET /api/x-updates - ::1","service":"oluora-api","timestamp":"2025-07-10T03:45:54.957Z"}
{"level":"info","message":"GET /api/x-updates - ::1","service":"oluora-api","timestamp":"2025-07-10T03:45:55.338Z"}
{"level":"info","message":"GET /api/x-updates - ::1","service":"oluora-api","timestamp":"2025-07-10T03:45:55.455Z"}
{"level":"info","message":"GET /api/x-updates - ::1","service":"oluora-api","timestamp":"2025-07-10T03:45:55.712Z"}
{"level":"info","message":"GET /api/x-updates - ::1","service":"oluora-api","timestamp":"2025-07-10T03:45:56.169Z"}
{"level":"info","message":"GET /api/x-updates - ::1","service":"oluora-api","timestamp":"2025-07-10T03:45:56.262Z"}
{"level":"info","message":"GET /api/x-updates - ::1","service":"oluora-api","timestamp":"2025-07-10T03:45:56.634Z"}
{"level":"info","message":"GET /api/x-updates - ::1","service":"oluora-api","timestamp":"2025-07-10T03:45:57.080Z"}
{"level":"info","message":"GET /api/x-updates - ::1","service":"oluora-api","timestamp":"2025-07-10T03:45:57.525Z"}
{"level":"info","message":"GET /api/x-updates - ::1","service":"oluora-api","timestamp":"2025-07-10T03:45:57.622Z"}
{"level":"info","message":"GET /api/x-updates - ::1","service":"oluora-api","timestamp":"2025-07-10T03:45:58.210Z"}
{"level":"info","message":"Fetching X updates...","service":"oluora-api","timestamp":"2025-07-10T03:50:00.485Z"}
{"detail":"Too Many Requests","level":"error","message":"Error fetching from X API:","service":"oluora-api","status":429,"timestamp":"2025-07-10T03:50:01.153Z","title":"Too Many Requests","type":"about:blank"}
{"level":"info","message":"Processed 0 updates, 0 new updates stored","service":"oluora-api","timestamp":"2025-07-10T03:50:03.581Z"}
{"level":"info","message":"X updates fetched successfully","service":"oluora-api","timestamp":"2025-07-10T03:50:03.581Z"}
{"level":"info","message":"GET /api/projects - ::1","service":"oluora-api","timestamp":"2025-07-10T03:54:26.638Z"}
{"level":"info","message":"GET /api/townhalls - ::1","service":"oluora-api","timestamp":"2025-07-10T03:54:26.662Z"}
{"level":"info","message":"GET /api/x-updates - ::1","service":"oluora-api","timestamp":"2025-07-10T03:54:26.666Z"}
{"level":"info","message":"GET /api/projects - ::1","service":"oluora-api","timestamp":"2025-07-10T03:54:27.456Z"}
{"level":"info","message":"GET /api/townhalls - ::1","service":"oluora-api","timestamp":"2025-07-10T03:54:27.457Z"}
{"level":"info","message":"GET /api/x-updates - ::1","service":"oluora-api","timestamp":"2025-07-10T03:54:27.457Z"}
{"level":"info","message":"GET /api/projects - ::1","service":"oluora-api","timestamp":"2025-07-10T03:54:28.304Z"}
{"level":"info","message":"GET /api/townhalls - ::1","service":"oluora-api","timestamp":"2025-07-10T03:54:28.308Z"}
{"level":"info","message":"GET /api/x-updates - ::1","service":"oluora-api","timestamp":"2025-07-10T03:54:28.311Z"}
{"level":"info","message":"GET /api/projects - ::1","service":"oluora-api","timestamp":"2025-07-10T03:54:29.049Z"}
{"level":"info","message":"GET /api/townhalls - ::1","service":"oluora-api","timestamp":"2025-07-10T03:54:29.050Z"}
{"level":"info","message":"GET /api/x-updates - ::1","service":"oluora-api","timestamp":"2025-07-10T03:54:29.051Z"}
{"level":"info","message":"GET /api/projects - ::1","service":"oluora-api","timestamp":"2025-07-10T03:54:29.709Z"}
{"level":"info","message":"GET /api/townhalls - ::1","service":"oluora-api","timestamp":"2025-07-10T03:54:29.798Z"}
{"level":"info","message":"GET /api/x-updates - ::1","service":"oluora-api","timestamp":"2025-07-10T03:54:29.801Z"}
{"level":"info","message":"GET /api/projects - ::1","service":"oluora-api","timestamp":"2025-07-10T03:54:30.535Z"}
{"level":"info","message":"GET /api/x-updates - ::1","service":"oluora-api","timestamp":"2025-07-10T03:54:30.540Z"}
{"level":"info","message":"GET /api/townhalls - ::1","service":"oluora-api","timestamp":"2025-07-10T03:54:30.543Z"}
{"level":"info","message":"GET /api/projects - ::1","service":"oluora-api","timestamp":"2025-07-10T03:54:31.180Z"}
{"level":"info","message":"GET /api/townhalls - ::1","service":"oluora-api","timestamp":"2025-07-10T03:54:31.183Z"}
{"level":"info","message":"GET /api/x-updates - ::1","service":"oluora-api","timestamp":"2025-07-10T03:54:31.186Z"}
{"level":"info","message":"GET /api/projects - ::1","service":"oluora-api","timestamp":"2025-07-10T03:54:32.119Z"}
{"level":"info","message":"GET /api/townhalls - ::1","service":"oluora-api","timestamp":"2025-07-10T03:54:32.120Z"}
{"level":"info","message":"GET /api/x-updates - ::1","service":"oluora-api","timestamp":"2025-07-10T03:54:32.123Z"}
{"level":"info","message":"GET /api/projects - ::1","service":"oluora-api","timestamp":"2025-07-10T03:54:33.247Z"}
{"level":"info","message":"GET /api/townhalls - ::1","service":"oluora-api","timestamp":"2025-07-10T03:54:33.250Z"}
{"level":"info","message":"GET /api/x-updates - ::1","service":"oluora-api","timestamp":"2025-07-10T03:54:33.251Z"}
{"level":"info","message":"GET /api/projects - ::1","service":"oluora-api","timestamp":"2025-07-10T03:54:34.281Z"}
{"level":"info","message":"GET /api/townhalls - ::1","service":"oluora-api","timestamp":"2025-07-10T03:54:34.282Z"}
{"level":"info","message":"GET /api/x-updates - ::1","service":"oluora-api","timestamp":"2025-07-10T03:54:34.284Z"}
{"level":"info","message":"GET /api/projects - ::1","service":"oluora-api","timestamp":"2025-07-10T03:54:35.043Z"}
{"level":"info","message":"GET /api/townhalls - ::1","service":"oluora-api","timestamp":"2025-07-10T03:54:35.048Z"}
{"level":"info","message":"GET /api/x-updates - ::1","service":"oluora-api","timestamp":"2025-07-10T03:54:35.049Z"}
{"level":"info","message":"GET /api/projects - ::1","service":"oluora-api","timestamp":"2025-07-10T03:54:36.346Z"}
{"level":"info","message":"GET /api/townhalls - ::1","service":"oluora-api","timestamp":"2025-07-10T03:54:36.347Z"}
{"level":"info","message":"GET /api/x-updates - ::1","service":"oluora-api","timestamp":"2025-07-10T03:54:36.356Z"}
{"level":"info","message":"GET /api/projects - ::1","service":"oluora-api","timestamp":"2025-07-10T03:54:36.999Z"}
{"level":"info","message":"GET /api/townhalls - ::1","service":"oluora-api","timestamp":"2025-07-10T03:54:37.018Z"}
{"level":"info","message":"GET /api/x-updates - ::1","service":"oluora-api","timestamp":"2025-07-10T03:54:37.019Z"}
{"level":"info","message":"GET /api/projects - ::1","service":"oluora-api","timestamp":"2025-07-10T03:54:37.558Z"}
{"level":"info","message":"GET /api/townhalls - ::1","service":"oluora-api","timestamp":"2025-07-10T03:54:37.563Z"}
{"level":"info","message":"GET /api/x-updates - ::1","service":"oluora-api","timestamp":"2025-07-10T03:54:37.569Z"}
{"level":"info","message":"GET /api/projects - ::1","service":"oluora-api","timestamp":"2025-07-10T03:54:38.444Z"}
{"level":"info","message":"GET /api/townhalls - ::1","service":"oluora-api","timestamp":"2025-07-10T03:54:38.458Z"}
{"level":"info","message":"GET /api/x-updates - ::1","service":"oluora-api","timestamp":"2025-07-10T03:54:38.459Z"}
{"level":"info","message":"GET /api/projects - ::1","service":"oluora-api","timestamp":"2025-07-10T03:54:39.425Z"}
{"level":"info","message":"GET /api/townhalls - ::1","service":"oluora-api","timestamp":"2025-07-10T03:54:39.429Z"}
{"level":"info","message":"GET /api/x-updates - ::1","service":"oluora-api","timestamp":"2025-07-10T03:54:39.430Z"}
{"level":"info","message":"GET /api/projects - ::1","service":"oluora-api","timestamp":"2025-07-10T03:54:40.252Z"}
{"level":"info","message":"GET /api/townhalls - ::1","service":"oluora-api","timestamp":"2025-07-10T03:54:40.258Z"}
{"level":"info","message":"GET /api/x-updates - ::1","service":"oluora-api","timestamp":"2025-07-10T03:54:40.268Z"}
{"level":"info","message":"GET /api/projects - ::1","service":"oluora-api","timestamp":"2025-07-10T03:54:40.960Z"}
{"level":"info","message":"GET /api/townhalls - ::1","service":"oluora-api","timestamp":"2025-07-10T03:54:40.961Z"}
{"level":"info","message":"GET /api/x-updates - ::1","service":"oluora-api","timestamp":"2025-07-10T03:54:40.968Z"}
{"level":"info","message":"GET /api/projects - ::1","service":"oluora-api","timestamp":"2025-07-10T03:54:41.637Z"}
{"level":"info","message":"GET /api/townhalls - ::1","service":"oluora-api","timestamp":"2025-07-10T03:54:41.641Z"}
{"level":"info","message":"GET /api/x-updates - ::1","service":"oluora-api","timestamp":"2025-07-10T03:54:41.644Z"}
{"level":"info","message":"GET /api/projects - ::1","service":"oluora-api","timestamp":"2025-07-10T03:54:42.341Z"}
{"level":"info","message":"GET /api/townhalls - ::1","service":"oluora-api","timestamp":"2025-07-10T03:54:42.343Z"}
{"level":"info","message":"GET /api/x-updates - ::1","service":"oluora-api","timestamp":"2025-07-10T03:54:42.348Z"}
{"level":"info","message":"GET /api/projects - ::1","service":"oluora-api","timestamp":"2025-07-10T03:54:43.065Z"}
{"level":"info","message":"GET /api/townhalls - ::1","service":"oluora-api","timestamp":"2025-07-10T03:54:43.069Z"}
{"level":"info","message":"GET /api/x-updates - ::1","service":"oluora-api","timestamp":"2025-07-10T03:54:43.071Z"}
{"level":"info","message":"GET /api/projects - ::1","service":"oluora-api","timestamp":"2025-07-10T03:54:43.880Z"}
{"level":"info","message":"GET /api/townhalls - ::1","service":"oluora-api","timestamp":"2025-07-10T03:54:43.884Z"}
{"level":"info","message":"GET /api/x-updates - ::1","service":"oluora-api","timestamp":"2025-07-10T03:54:43.894Z"}
{"level":"info","message":"GET /api/projects - ::1","service":"oluora-api","timestamp":"2025-07-10T03:54:44.402Z"}
{"level":"info","message":"GET /api/townhalls - ::1","service":"oluora-api","timestamp":"2025-07-10T03:54:44.404Z"}
{"level":"info","message":"GET /api/x-updates - ::1","service":"oluora-api","timestamp":"2025-07-10T03:54:44.406Z"}
{"level":"info","message":"GET /api/projects - ::1","service":"oluora-api","timestamp":"2025-07-10T03:54:45.892Z"}
{"level":"info","message":"GET /api/townhalls - ::1","service":"oluora-api","timestamp":"2025-07-10T03:54:45.899Z"}
{"level":"info","message":"GET /api/x-updates - ::1","service":"oluora-api","timestamp":"2025-07-10T03:54:45.900Z"}
{"level":"info","message":"GET /api/projects - ::1","service":"oluora-api","timestamp":"2025-07-10T03:54:47.243Z"}
{"level":"info","message":"GET /api/townhalls - ::1","service":"oluora-api","timestamp":"2025-07-10T03:54:47.243Z"}
{"level":"info","message":"GET /api/x-updates - ::1","service":"oluora-api","timestamp":"2025-07-10T03:54:47.251Z"}
{"level":"info","message":"GET /api/projects - ::1","service":"oluora-api","timestamp":"2025-07-10T03:54:47.772Z"}
{"level":"info","message":"GET /api/townhalls - ::1","service":"oluora-api","timestamp":"2025-07-10T03:54:47.777Z"}
{"level":"info","message":"GET /api/x-updates - ::1","service":"oluora-api","timestamp":"2025-07-10T03:54:47.784Z"}
{"level":"info","message":"GET /api/projects - ::1","service":"oluora-api","timestamp":"2025-07-10T03:54:48.503Z"}
{"level":"info","message":"GET /api/townhalls - ::1","service":"oluora-api","timestamp":"2025-07-10T03:54:48.516Z"}
{"level":"info","message":"GET /api/x-updates - ::1","service":"oluora-api","timestamp":"2025-07-10T03:54:48.516Z"}
{"level":"info","message":"GET /api/projects - ::1","service":"oluora-api","timestamp":"2025-07-10T03:54:49.111Z"}
{"level":"info","message":"GET /api/townhalls - ::1","service":"oluora-api","timestamp":"2025-07-10T03:54:49.112Z"}
{"level":"info","message":"GET /api/x-updates - ::1","service":"oluora-api","timestamp":"2025-07-10T03:54:49.121Z"}
{"level":"info","message":"GET /api/projects - ::1","service":"oluora-api","timestamp":"2025-07-10T03:54:49.917Z"}
{"level":"info","message":"GET /api/townhalls - ::1","service":"oluora-api","timestamp":"2025-07-10T03:54:49.935Z"}
{"level":"info","message":"GET /api/x-updates - ::1","service":"oluora-api","timestamp":"2025-07-10T03:54:49.945Z"}
{"level":"info","message":"GET /api/projects - ::1","service":"oluora-api","timestamp":"2025-07-10T03:54:50.498Z"}
{"level":"info","message":"GET /api/townhalls - ::1","service":"oluora-api","timestamp":"2025-07-10T03:54:50.508Z"}
{"level":"info","message":"GET /api/x-updates - ::1","service":"oluora-api","timestamp":"2025-07-10T03:54:50.511Z"}
{"level":"info","message":"GET /api/projects - ::1","service":"oluora-api","timestamp":"2025-07-10T03:54:51.052Z"}
{"level":"info","message":"GET /api/townhalls - ::1","service":"oluora-api","timestamp":"2025-07-10T03:54:51.053Z"}
{"level":"info","message":"GET /api/x-updates - ::1","service":"oluora-api","timestamp":"2025-07-10T03:54:51.053Z"}
{"level":"info","message":"GET /api/projects - ::1","service":"oluora-api","timestamp":"2025-07-10T03:54:52.162Z"}
{"level":"info","message":"GET /api/townhalls - ::1","service":"oluora-api","timestamp":"2025-07-10T03:54:52.168Z"}
{"level":"info","message":"GET /api/x-updates - ::1","service":"oluora-api","timestamp":"2025-07-10T03:54:52.175Z"}
{"level":"info","message":"GET /api/projects - ::1","service":"oluora-api","timestamp":"2025-07-10T03:54:53.275Z"}
{"level":"info","message":"GET /api/townhalls - ::1","service":"oluora-api","timestamp":"2025-07-10T03:54:53.278Z"}
{"level":"info","message":"GET /api/x-updates - ::1","service":"oluora-api","timestamp":"2025-07-10T03:54:53.284Z"}
{"level":"info","message":"GET /api/projects - ::1","service":"oluora-api","timestamp":"2025-07-10T03:54:54.009Z"}
{"level":"info","message":"SIGINT received, shutting down gracefully","service":"oluora-api","timestamp":"2025-07-10T03:56:18.901Z"}
{"level":"info","message":"Process terminated","service":"oluora-api","timestamp":"2025-07-10T03:56:18.904Z"}
{"level":"info","message":"SIGINT received, shutting down gracefully","service":"oluora-api","timestamp":"2025-07-10T03:56:18.933Z"}
{"level":"info","message":"Process terminated","service":"oluora-api","timestamp":"2025-07-10T03:56:18.935Z"}
{"level":"info","message":"Fetching X updates...","service":"oluora-api","timestamp":"2025-07-10T04:00:00.358Z"}
{"level":"info","message":"Processed 10 updates, 0 new updates stored","service":"oluora-api","timestamp":"2025-07-10T04:00:08.540Z"}
{"level":"info","message":"X updates fetched successfully","service":"oluora-api","timestamp":"2025-07-10T04:00:08.540Z"}
{"level":"info","message":"SIGINT received, shutting down gracefully","service":"oluora-api","timestamp":"2025-07-10T04:06:16.967Z"}
{"level":"info","message":"Process terminated","service":"oluora-api","timestamp":"2025-07-10T04:06:16.968Z"}
{"level":"info","message":"SIGINT received, shutting down gracefully","service":"oluora-api","timestamp":"2025-07-10T04:06:16.968Z"}
{"level":"info","message":"Process terminated","service":"oluora-api","timestamp":"2025-07-10T04:06:16.968Z"}
{"level":"info","message":"SIGINT received, shutting down gracefully","service":"oluora-api","timestamp":"2025-07-10T04:06:17.150Z"}
{"level":"info","message":"Process terminated","service":"oluora-api","timestamp":"2025-07-10T04:06:17.151Z"}
{"level":"info","message":"SIGINT received, shutting down gracefully","service":"oluora-api","timestamp":"2025-07-10T04:06:17.155Z"}
{"level":"info","message":"Process terminated","service":"oluora-api","timestamp":"2025-07-10T04:06:17.155Z"}
